{"contracts/Deployer.sol":{"l":{"22":4,"32":4},"path":"/home/byt411/projects/voting-system/react-dapp/contracts/Deployer.sol","s":{"1":4,"2":4},"b":{},"f":{"1":4},"fnMap":{"1":{"name":"deployElection","line":13,"loc":{"start":{"line":13,"column":4},"end":{"line":33,"column":4}}}},"statementMap":{"1":{"start":{"line":22,"column":8},"end":{"line":22,"column":564}},"2":{"start":{"line":32,"column":8},"end":{"line":32,"column":66}}},"branchMap":{}},"contracts/Election.sol":{"l":{"40":4,"41":8,"47":8,"48":8,"50":4,"51":4,"52":4,"53":4,"54":4,"55":4,"56":4,"57":4,"58":4,"59":4,"63":0,"67":0,"68":0,"69":0,"70":0,"71":0,"73":0,"77":0,"78":0,"80":0,"91":0,"95":0,"96":0,"100":0,"104":0,"105":0,"106":0,"107":0,"108":0,"109":0,"110":0,"126":0,"130":4,"134":3,"135":2,"136":2,"138":1,"140":3,"144":1,"148":0,"152":0},"path":"/home/byt411/projects/voting-system/react-dapp/contracts/Election.sol","s":{"1":4,"2":8,"3":8,"4":8,"5":4,"6":4,"7":4,"8":4,"9":4,"10":4,"11":4,"12":4,"13":4,"14":4,"15":0,"16":0,"17":0,"18":0,"19":0,"20":0,"21":0,"22":0,"23":0,"24":0,"25":0,"26":0,"27":0,"28":0,"29":0,"30":0,"31":0,"32":0,"33":0,"34":0,"35":0,"36":0,"37":4,"38":3,"39":2,"40":2,"41":1,"42":3,"43":1,"44":0,"45":0},"b":{"1":[0,0],"2":[0,0],"3":[0,0],"4":[0,0],"5":[0,0],"6":[0,0],"7":[0,0],"8":[0,0],"9":[3,1],"10":[2,1]},"f":{"1":4,"2":0,"3":0,"4":0,"5":4,"6":1,"7":0,"8":0},"fnMap":{"1":{"name":"constructor","line":30,"loc":{"start":{"line":30,"column":4},"end":{"line":60,"column":4}}},"2":{"name":"publishResults","line":62,"loc":{"start":{"line":62,"column":4},"end":{"line":81,"column":4}}},"3":{"name":"publishVerification","line":83,"loc":{"start":{"line":83,"column":4},"end":{"line":111,"column":4}}},"4":{"name":"getVerification","line":113,"loc":{"start":{"line":113,"column":4},"end":{"line":127,"column":4}}},"5":{"name":"recordVote","line":129,"loc":{"start":{"line":129,"column":4},"end":{"line":141,"column":4}}},"6":{"name":"getOptions","line":143,"loc":{"start":{"line":143,"column":4},"end":{"line":145,"column":4}}},"7":{"name":"getResults","line":147,"loc":{"start":{"line":147,"column":4},"end":{"line":149,"column":4}}},"8":{"name":"getVotes","line":151,"loc":{"start":{"line":151,"column":4},"end":{"line":153,"column":4}}}},"statementMap":{"1":{"start":{"line":40,"column":8},"end":{"line":40,"column":1008}},"2":{"start":{"line":41,"column":12},"end":{"line":41,"column":1072}},"3":{"start":{"line":47,"column":12},"end":{"line":47,"column":49}},"4":{"start":{"line":48,"column":12},"end":{"line":48,"column":41}},"5":{"start":{"line":50,"column":8},"end":{"line":50,"column":33}},"6":{"start":{"line":51,"column":8},"end":{"line":51,"column":25}},"7":{"start":{"line":52,"column":8},"end":{"line":52,"column":13}},"8":{"start":{"line":53,"column":8},"end":{"line":53,"column":21}},"9":{"start":{"line":54,"column":8},"end":{"line":54,"column":27}},"10":{"start":{"line":55,"column":8},"end":{"line":55,"column":29}},"11":{"start":{"line":56,"column":8},"end":{"line":56,"column":31}},"12":{"start":{"line":57,"column":8},"end":{"line":57,"column":25}},"13":{"start":{"line":58,"column":8},"end":{"line":58,"column":25}},"14":{"start":{"line":59,"column":8},"end":{"line":59,"column":25}},"15":{"start":{"line":63,"column":8},"end":{"line":63,"column":1730}},"16":{"start":{"line":67,"column":8},"end":{"line":67,"column":75}},"17":{"start":{"line":68,"column":8},"end":{"line":68,"column":77}},"18":{"start":{"line":69,"column":8},"end":{"line":69,"column":34}},"19":{"start":{"line":70,"column":8},"end":{"line":70,"column":2048}},"20":{"start":{"line":71,"column":12},"end":{"line":71,"column":54}},"21":{"start":{"line":73,"column":8},"end":{"line":73,"column":2179}},"22":{"start":{"line":77,"column":8},"end":{"line":77,"column":2322}},"23":{"start":{"line":78,"column":12},"end":{"line":78,"column":55}},"24":{"start":{"line":80,"column":8},"end":{"line":80,"column":30}},"25":{"start":{"line":91,"column":8},"end":{"line":91,"column":2748}},"26":{"start":{"line":95,"column":8},"end":{"line":95,"column":75}},"27":{"start":{"line":96,"column":8},"end":{"line":96,"column":2950}},"28":{"start":{"line":100,"column":8},"end":{"line":100,"column":3072}},"29":{"start":{"line":104,"column":8},"end":{"line":104,"column":42}},"30":{"start":{"line":105,"column":8},"end":{"line":105,"column":38}},"31":{"start":{"line":106,"column":8},"end":{"line":106,"column":16}},"32":{"start":{"line":107,"column":8},"end":{"line":107,"column":16}},"33":{"start":{"line":108,"column":8},"end":{"line":108,"column":16}},"34":{"start":{"line":109,"column":8},"end":{"line":109,"column":32}},"35":{"start":{"line":110,"column":8},"end":{"line":110,"column":28}},"36":{"start":{"line":126,"column":8},"end":{"line":126,"column":68}},"37":{"start":{"line":130,"column":8},"end":{"line":130,"column":3822}},"38":{"start":{"line":134,"column":8},"end":{"line":134,"column":3966}},"39":{"start":{"line":135,"column":12},"end":{"line":135,"column":28}},"40":{"start":{"line":136,"column":12},"end":{"line":136,"column":49}},"41":{"start":{"line":138,"column":12},"end":{"line":138,"column":45}},"42":{"start":{"line":140,"column":8},"end":{"line":140,"column":45}},"43":{"start":{"line":144,"column":8},"end":{"line":144,"column":22}},"44":{"start":{"line":148,"column":8},"end":{"line":148,"column":22}},"45":{"start":{"line":152,"column":8},"end":{"line":152,"column":20}}},"branchMap":{"1":{"line":63,"type":"if","locations":[{"start":{"line":63,"column":8},"end":{"line":63,"column":8}},{"start":{"line":63,"column":8},"end":{"line":63,"column":8}}]},"2":{"line":67,"type":"if","locations":[{"start":{"line":67,"column":8},"end":{"line":67,"column":8}},{"start":{"line":67,"column":8},"end":{"line":67,"column":8}}]},"3":{"line":68,"type":"if","locations":[{"start":{"line":68,"column":8},"end":{"line":68,"column":8}},{"start":{"line":68,"column":8},"end":{"line":68,"column":8}}]},"4":{"line":73,"type":"if","locations":[{"start":{"line":73,"column":8},"end":{"line":73,"column":8}},{"start":{"line":73,"column":8},"end":{"line":73,"column":8}}]},"5":{"line":91,"type":"if","locations":[{"start":{"line":91,"column":8},"end":{"line":91,"column":8}},{"start":{"line":91,"column":8},"end":{"line":91,"column":8}}]},"6":{"line":95,"type":"if","locations":[{"start":{"line":95,"column":8},"end":{"line":95,"column":8}},{"start":{"line":95,"column":8},"end":{"line":95,"column":8}}]},"7":{"line":96,"type":"if","locations":[{"start":{"line":96,"column":8},"end":{"line":96,"column":8}},{"start":{"line":96,"column":8},"end":{"line":96,"column":8}}]},"8":{"line":100,"type":"if","locations":[{"start":{"line":100,"column":8},"end":{"line":100,"column":8}},{"start":{"line":100,"column":8},"end":{"line":100,"column":8}}]},"9":{"line":130,"type":"if","locations":[{"start":{"line":130,"column":8},"end":{"line":130,"column":8}},{"start":{"line":130,"column":8},"end":{"line":130,"column":8}}]},"10":{"line":134,"type":"if","locations":[{"start":{"line":134,"column":8},"end":{"line":134,"column":8}},{"start":{"line":134,"column":8},"end":{"line":134,"column":8}}]}}},"contracts/ElectionStructs.sol":{"l":{},"path":"/home/byt411/projects/voting-system/react-dapp/contracts/ElectionStructs.sol","s":{},"b":{},"f":{},"fnMap":{},"statementMap":{},"branchMap":{}}}